
A module that was compiled using NumPy 1.x cannot be run in
NumPy 2.1.3 as it may crash. To support both 1.x and 2.x
versions of NumPy, modules must be compiled with NumPy 2.0.
Some module may need to rebuild instead e.g. with 'pybind11>=2.12'.

If you are a user of the module, the easiest solution will be to
downgrade to 'numpy<2' or try to upgrade the affected module.
We expect that some modules will need time to support NumPy 2.

Traceback (most recent call last):  File "/home/users/sv226/everything/clinicalnotes_shift/bashfiles/../pythonscripts/all_attacks_script.py", line 4, in <module>
    from attack_tools import *
  File "/home/users/sv226/everything/clinicalnotes_shift/pythontools/attack_tools.py", line 1, in <module>
    import pandas as pd
  File "/home/users/sv226/.local/lib/python3.10/site-packages/pandas/__init__.py", line 49, in <module>
    from pandas.core.api import (
  File "/home/users/sv226/.local/lib/python3.10/site-packages/pandas/core/api.py", line 28, in <module>
    from pandas.core.arrays import Categorical
  File "/home/users/sv226/.local/lib/python3.10/site-packages/pandas/core/arrays/__init__.py", line 1, in <module>
    from pandas.core.arrays.arrow import ArrowExtensionArray
  File "/home/users/sv226/.local/lib/python3.10/site-packages/pandas/core/arrays/arrow/__init__.py", line 5, in <module>
    from pandas.core.arrays.arrow.array import ArrowExtensionArray
  File "/home/users/sv226/.local/lib/python3.10/site-packages/pandas/core/arrays/arrow/array.py", line 50, in <module>
    from pandas.core import (
  File "/home/users/sv226/.local/lib/python3.10/site-packages/pandas/core/ops/__init__.py", line 8, in <module>
    from pandas.core.ops.array_ops import (
  File "/home/users/sv226/.local/lib/python3.10/site-packages/pandas/core/ops/array_ops.py", line 56, in <module>
    from pandas.core.computation import expressions
  File "/home/users/sv226/.local/lib/python3.10/site-packages/pandas/core/computation/expressions.py", line 21, in <module>
    from pandas.core.computation.check import NUMEXPR_INSTALLED
  File "/home/users/sv226/.local/lib/python3.10/site-packages/pandas/core/computation/check.py", line 5, in <module>
    ne = import_optional_dependency("numexpr", errors="warn")
  File "/home/users/sv226/.local/lib/python3.10/site-packages/pandas/compat/_optional.py", line 135, in import_optional_dependency
    module = importlib.import_module(name)
  File "/usr/lib/python3.10/importlib/__init__.py", line 126, in import_module
    return _bootstrap._gcd_import(name[level:], package, level)
  File "/usr/lib/python3/dist-packages/numexpr/__init__.py", line 24, in <module>
    from numexpr.interpreter import MAX_THREADS, use_vml, __BLOCK_SIZE1__
AttributeError: _ARRAY_API not found

A module that was compiled using NumPy 1.x cannot be run in
NumPy 2.1.3 as it may crash. To support both 1.x and 2.x
versions of NumPy, modules must be compiled with NumPy 2.0.
Some module may need to rebuild instead e.g. with 'pybind11>=2.12'.

If you are a user of the module, the easiest solution will be to
downgrade to 'numpy<2' or try to upgrade the affected module.
We expect that some modules will need time to support NumPy 2.

Traceback (most recent call last):  File "/home/users/sv226/everything/clinicalnotes_shift/bashfiles/../pythonscripts/all_attacks_script.py", line 4, in <module>
    from attack_tools import *
  File "/home/users/sv226/everything/clinicalnotes_shift/pythontools/attack_tools.py", line 1, in <module>
    import pandas as pd
  File "/home/users/sv226/.local/lib/python3.10/site-packages/pandas/__init__.py", line 49, in <module>
    from pandas.core.api import (
  File "/home/users/sv226/.local/lib/python3.10/site-packages/pandas/core/api.py", line 28, in <module>
    from pandas.core.arrays import Categorical
  File "/home/users/sv226/.local/lib/python3.10/site-packages/pandas/core/arrays/__init__.py", line 1, in <module>
    from pandas.core.arrays.arrow import ArrowExtensionArray
  File "/home/users/sv226/.local/lib/python3.10/site-packages/pandas/core/arrays/arrow/__init__.py", line 5, in <module>
    from pandas.core.arrays.arrow.array import ArrowExtensionArray
  File "/home/users/sv226/.local/lib/python3.10/site-packages/pandas/core/arrays/arrow/array.py", line 64, in <module>
    from pandas.core.arrays.masked import BaseMaskedArray
  File "/home/users/sv226/.local/lib/python3.10/site-packages/pandas/core/arrays/masked.py", line 60, in <module>
    from pandas.core import (
  File "/home/users/sv226/.local/lib/python3.10/site-packages/pandas/core/nanops.py", line 52, in <module>
    bn = import_optional_dependency("bottleneck", errors="warn")
  File "/home/users/sv226/.local/lib/python3.10/site-packages/pandas/compat/_optional.py", line 135, in import_optional_dependency
    module = importlib.import_module(name)
  File "/usr/lib/python3.10/importlib/__init__.py", line 126, in import_module
    return _bootstrap._gcd_import(name[level:], package, level)
  File "/usr/lib/python3/dist-packages/bottleneck/__init__.py", line 2, in <module>
    from .reduce import (
AttributeError: _ARRAY_API not found
2025-03-27 15:46:45.119391: I tensorflow/core/util/port.cc:153] oneDNN custom operations are on. You may see slightly different numerical results due to floating-point round-off errors from different computation orders. To turn them off, set the environment variable `TF_ENABLE_ONEDNN_OPTS=0`.
2025-03-27 15:46:45.132814: E external/local_xla/xla/stream_executor/cuda/cuda_fft.cc:467] Unable to register cuFFT factory: Attempting to register factory for plugin cuFFT when one has already been registered
WARNING: All log messages before absl::InitializeLog() is called are written to STDERR
E0000 00:00:1743104805.150710  218222 cuda_dnn.cc:8579] Unable to register cuDNN factory: Attempting to register factory for plugin cuDNN when one has already been registered
E0000 00:00:1743104805.156137  218222 cuda_blas.cc:1407] Unable to register cuBLAS factory: Attempting to register factory for plugin cuBLAS when one has already been registered
W0000 00:00:1743104805.171056  218222 computation_placer.cc:177] computation placer already registered. Please check linkage and avoid linking the same target more than once.
W0000 00:00:1743104805.171083  218222 computation_placer.cc:177] computation placer already registered. Please check linkage and avoid linking the same target more than once.
W0000 00:00:1743104805.171088  218222 computation_placer.cc:177] computation placer already registered. Please check linkage and avoid linking the same target more than once.
W0000 00:00:1743104805.171092  218222 computation_placer.cc:177] computation placer already registered. Please check linkage and avoid linking the same target more than once.
2025-03-27 15:46:45.175227: I tensorflow/core/platform/cpu_feature_guard.cc:210] This TensorFlow binary is optimized to use available CPU instructions in performance-critical operations.
To enable the following instructions: AVX2 AVX512F AVX512_VNNI FMA, in other operations, rebuild TensorFlow with the appropriate compiler flags.
WARNING clustering 200 points to 10 centroids: please provide at least 390 training points
WARNING clustering 200 points to 10 centroids: please provide at least 390 training points
WARNING clustering 200 points to 10 centroids: please provide at least 390 training points
WARNING clustering 200 points to 10 centroids: please provide at least 390 training points
WARNING clustering 200 points to 10 centroids: please provide at least 390 training points
WARNING clustering 200 points to 10 centroids: please provide at least 390 training points
WARNING clustering 200 points to 10 centroids: please provide at least 390 training points
WARNING clustering 200 points to 10 centroids: please provide at least 390 training points
WARNING clustering 200 points to 10 centroids: please provide at least 390 training points
WARNING clustering 200 points to 10 centroids: please provide at least 390 training points
WARNING clustering 200 points to 10 centroids: please provide at least 390 training points
WARNING clustering 200 points to 10 centroids: please provide at least 390 train(200, 1024)
(160, 1024)
(40, 1024)
(200, 1024)
(160, 1024)
(40, 1024)
Experiment time: 5.161854028701782 seconds
Average featurization time: 0.75
(200, 1024)
(160, 1024)
(40, 1024)
(200, 1024)
(160, 1024)
(40, 1024)
Experiment time: 4.934603691101074 seconds
Average featurization time: 0.74
(200, 1024)
(160, 1024)
(40, 1024)
(200, 1024)
(160, 1024)
(40, 1024)
Experiment time: 4.936337232589722 seconds
Average featurization time: 0.73
(200, 1024)
(160, 1024)
(40, 1024)
(200, 1024)
(160, 1024)
(40, 1024)
Experiment time: 5.003772258758545 seconds
Average featurization time: 0.74
(200, 585)
(160, 585)
(40, 585)
(200, 20)
(160, 20)
(40, 20)
Experiment time: 1.9150011539459229 seconds
Average featurization time: 0.02
(200, 50)
(160, 50)
(40, 50)
(200, 50)
(160, 50)
(40, 50)
Experiment time: 4.7975029945373535 seconds
Average featurization time: 0.73
(200, 50)
(160, 50)
(40, 50)
(200, 50)
(160, 50)
(40, 50)
Experiment time: 4.8830084800720215 seconds
Average featurization time: 0.75
(200, 1024)
(160, 1024)
(40, 1024)
(200, 1024)
(160, 1024)
(40, 1024)
Experiment time: 4.995995044708252 seconds
Average featurization time: 0.75
(200, 1024)
(160, 1024)
(40, 1024)
(200, 1024)
(160, 1024)
(40, 1024)
Experiment time: 5.013087511062622 seconds
Average featurization time: 0.74
(200, 1024)
(160, 1024)
(40, 1024)
(200, 1024)
(160, 1024)
(40, 1024)
Experiment time: 5.002825021743774 seconds
Average featurization time: 0.73
(200, 1024)
(160, 1024)
(40, 1024)
(200, 1024)
(160, 1024)
(40, 1024)
Experiment time: 5.050662279129028 seconds
Average featurization time: 0.74
(200, 20)
(160, 20)
(40, 20)
(200, 47)
(160, 47)
(40, 47)
Experiment time: 1.8539376258850098 seconds
Average featurization time: 0.02
(200, 50)
(160, 50)
(40, 50)
(200, 50)
(160, 50)
(40, 50)
Experiment time: 4.825417518615723 seconds
Average featurization time: 0.74
(200, 50)
(160, 50)
(40, 50)
(200, 50)
(160, 50)
(40, 50)
Experiment time: 4.823834180831909 seconds
Average featurization time: 0.75
(200, 1024)
(160, 1024)
(40, 1024)
(200, 1024)
(160, 1024)
(40, 1024)
Experiment time: 5.15471625328064 seconds
Average featurization time: 0.76
(200, 1024)
(160, 1024)
(40, 1024)
(200, 1024)
(160, 1024)
(40, 1024)
Experiment time: 5.180895566940308 seconds
Average featurization time: 0.75
(200, 1024)
(160, 1024)
(40, 1024)
(200, 1024)
(160, 1024)
(40, 1024)
Experiment time: 5.1940155029296875 seconds
Average featurization time: 0.75
(200, 1024)
(160, 1024)
(40, 1024)
(200, 1024)
(160, 1024)
(40, 1024)
Experiment time: 5.181589365005493 seconds
Average featurization time: 0.76
(200, 47)
(160, 47)
(40, 47)
(200, 575)
(160, 575)
(40, 575)
Experiment time: 2.295663356781006 seconds
Average featurization time: 0.02
(200, 50)
(160, 50)
(40, 50)
(200, 50)
(160, 50)
(40, 50)
Experiment time: 5.013952255249023 seconds
Average featurization time: 0.76
(200, 50)
(160, 50)
(40, 50)
(200, 50)
(160, 50)
(40, 50)
Experiment time: 5.092907905578613 seconds
Average featurization time: 0.77
(200, 1024)
(160, 1024)
(40, 1024)
(200, 1024)
(160, 1024)
(40, 1024)
Experiment time: 5.171270370483398 seconds
Average featurization time: 0.76
(200, 1024)
(160, 1024)
(40, 1024)
(200, 1024)
(160, 1024)
(40, 1024)
Experiment time: 5.066951036453247 seconds
Average featurization time: 0.75
(200, 1024)
(160, 1024)
(40, 1024)
(200, 1024)
(160, 1024)
(40, 1024)
Experiment time: 5.203044652938843 seconds
Average featurization time: 0.76
(200, 1024)
(160, 1024)
(40, 1024)
(200, 1024)
(160, 1024)
(40, 1024)
Experiment time: 5.16219687461853 seconds
Average featurization time: 0.76
(200, 575)
(160, 575)
(40, 575)
(200, 344)
(160, 344)
(40, 344)
Experiment time: 1.995551586151123 seconds
Average featurization time: 0.03
(200, 50)
(160, 50)
(40, 50)
(200, 50)
(160, 50)
(40, 50)
Experiment time: 4.957451820373535 seconds
Average featurization time: 0.76
(200, 50)
(160, 50)
(40, 50)
(200, 50)
(160, 50)
(40, 50)
Experiment time: 5.031982183456421 seconds
Average featurization time: 0.77
(200, 1024)
(160, 1024)
(40, 1024)
0
Traceback (most recent call last):
  File "/home/users/sv226/everything/clinicalnotes_shift/bashfiles/../pythonscripts/all_attacks_script.py", line 110, in <module>
    main()
  File "/home/users/sv226/everything/clinicalnotes_shift/bashfiles/../pythonscripts/all_attacks_script.py", line 98, in main
    mu, ma, l = perform_experiments(experiment, N_trials = N_experiments_per_combo)
  File "/home/users/sv226/everything/clinicalnotes_shift/bashfiles/../pythonscripts/all_attacks_script.py", line 84, in perform_experiments
    m1, m2, l1, l2 = perform_experiment(experiment, test_attacked = test_attacked)
  File "/home/users/sv226/everything/clinicalnotes_shift/bashfiles/../pythonscripts/all_attacks_script.py", line 67, in perform_experiment
    train_set, train_feats,_ = experiment.get_attacked_training_set_and_trained_model()
  File "/home/users/sv226/everything/clinicalnotes_shift/experimenttools/attack_experiment_tools.py", line 80, in get_attacked_training_set_and_trained_model
    train = self.sample_attacked_training_set(add_back = add_back)
  File "/home/users/sv226/everything/clinicalnotes_shift/experimenttools/attack_experiment_tools.py", line 31, in sample_attacked_training_set
    return self.attack.get_attacked_sample(self.training_source, self.N_train, not add_back)
  File "/home/users/sv226/everything/clinicalnotes_shift/pythontools/attack_tools.py", line 384, in get_attacked_sample
    notes.iloc[:int(N*prob), notes.columns.get_loc('text')] = self.get_fully_attacked_sample(notes.iloc[:int(N*prob), :]).values
  File "/home/users/sv226/everything/clinicalnotes_shift/pythontools/attack_tools.py", line 372, in get_fully_attacked_sample
    self.cache.to_csv(self.cache_filename)
  File "/home/users/sv226/.local/lib/python3.10/site-packages/pandas/util/_decorators.py", line 333, in wrapper
    return func(*args, **kwargs)
  File "/home/users/sv226/.local/lib/python3.10/site-packages/pandas/core/generic.py", line 3967, in to_csv
    return DataFrameRenderer(formatter).to_csv(
  File "/home/users/sv226/.local/lib/python3.10/site-packages/pandas/io/formats/format.py", line 1014, in to_csv
    csv_formatter.save()
  File "/home/users/sv226/.local/lib/python3.10/site-packages/pandas/io/formats/csvs.py", line 251, in save
    with get_handle(
  File "/home/users/sv226/.local/lib/python3.10/site-packages/pandas/io/common.py", line 157, in __exit__
    self.close()
  File "/home/users/sv226/.local/lib/python3.10/site-packages/pandas/io/common.py", line 144, in close
    handle.close()
OSError: [Errno 122] Disk quota exceeded
(200, 1024)
(160, 1024)
(40, 1024)
(200, 1024)
(160, 1024)
(40, 1024)
Experiment time: 5.161854028701782 seconds
Average featurization time: 0.75
(200, 1024)
(160, 1024)
(40, 1024)
(200, 1024)
(160, 1024)
(40, 1024)
Experiment time: 4.934603691101074 seconds
Average featurization time: 0.74
(200, 1024)
(160, 1024)
(40, 1024)
(200, 1024)
(160, 1024)
(40, 1024)
Experiment time: 4.936337232589722 seconds
Average featurization time: 0.73
(200, 1024)
(160, 1024)
(40, 1024)
(200, 1024)
(160, 1024)
(40, 1024)
Experiment time: 5.003772258758545 seconds
Average featurization time: 0.74
(200, 585)
(160, 585)
(40, 585)
(200, 20)
(160, 20)
(40, 20)
Experiment time: 1.9150011539459229 seconds
Average featurization time: 0.02
(200, 50)
(160, 50)
(40, 50)
(200, 50)
(160, 50)
(40, 50)
Experiment time: 4.7975029945373535 seconds
Average featurization time: 0.73
(200, 50)
(160, 50)
(40, 50)
(200, 50)
(160, 50)
(40, 50)
Experiment time: 4.8830084800720215 seconds
Average featurization time: 0.75
(200, 1024)
(160, 1024)
(40, 1024)
(200, 1024)
(160, 1024)
(40, 1024)
Experiment time: 4.995995044708252 seconds
Average featurization time: 0.75
(200, 1024)
(160, 1024)
(40, 1024)
(200, 1024)
(160, 1024)
(40, 1024)
Experiment time: 5.013087511062622 seconds
Average featurization time: 0.74
(200, 1024)
(160, 1024)
(40, 1024)
(200, 1024)
(160, 1024)
(40, 1024)
Experiment time: 5.002825021743774 seconds
Average featurization time: 0.73
(200, 1024)
(160, 1024)
(40, 1024)
(200, 1024)
(160, 1024)
(40, 1024)
Experiment time: 5.050662279129028 seconds
Average featurization time: 0.74
(200, 20)
(160, 20)
(40, 20)
(200, 47)
(160, 47)
(40, 47)
Experiment time: 1.8539376258850098 seconds
Average featurization time: 0.02
(200, 50)
(160, 50)
(40, 50)
(200, 50)
(160, 50)
(40, 50)
Experiment time: 4.825417518615723 seconds
Average featurization time: 0.74
(200, 50)
(160, 50)
(40, 50)
(200, 50)
(160, 50)
(40, 50)
Experiment time: 4.823834180831909 seconds
Average featurization time: 0.75
(200, 1024)
(160, 1024)
(40, 1024)
(200, 1024)
(160, 1024)
(40, 1024)
Experiment time: 5.15471625328064 seconds
Average featurization time: 0.76
(200, 1024)
(160, 1024)
(40, 1024)
(200, 1024)
(160, 1024)
(40, 1024)
Experiment time: 5.180895566940308 seconds
Average featurization time: 0.75
(200, 1024)
(160, 1024)
(40, 1024)
(200, 1024)
(160, 1024)
(40, 1024)
Experiment time: 5.1940155029296875 seconds
Average featurization time: 0.75
(200, 1024)
(160, 1024)
(40, 1024)
(200, 1024)
(160, 1024)
(40, 1024)
Experiment time: 5.181589365005493 seconds
Average featurization time: 0.76
(200, 47)
(160, 47)
(40, 47)
(200, 575)
(160, 575)
(40, 575)
Experiment time: 2.295663356781006 seconds
Average featurization time: 0.02
(200, 50)
(160, 50)
(40, 50)
(200, 50)
(160, 50)
(40, 50)
Experiment time: 5.013952255249023 seconds
Average featurization time: 0.76
(200, 50)
(160, 50)
(40, 50)
(200, 50)
(160, 50)
(40, 50)
Experiment time: 5.092907905578613 seconds
Average featurization time: 0.77
(200, 1024)
(160, 1024)
(40, 1024)
(200, 1024)
(160, 1024)
(40, 1024)
Experiment time: 5.171270370483398 seconds
Average featurization time: 0.76
(200, 1024)
(160, 1024)
(40, 1024)
(200, 1024)
(160, 1024)
(40, 1024)
Experiment time: 5.066951036453247 seconds
Average featurization time: 0.75
(200, 1024)
(160, 1024)
(40, 1024)
(200, 1024)
(160, 1024)
(40, 1024)
Experiment time: 5.203044652938843 seconds
Average featurization time: 0.76
(200, 1024)
(160, 1024)
(40, 1024)
(200, 1024)
(160, 1024)
(40, 1024)
Experiment time: 5.16219687461853 seconds
Average featurization time: 0.76
(200, 575)
(160, 575)
(40, 575)
(200, 344)
(160, 344)
(40, 344)
Experiment time: 1.995551586151123 seconds
Average featurization time: 0.03
(200, 50)
(160, 50)
(40, 50)
(200, 50)
(160, 50)
(40, 50)
Experiment time: 4.957451820373535 seconds
Average featurization time: 0.76
(200, 50)
(160, 50)
(40, 50)
(200, 50)
(160, 50)
(40, 50)
Experiment time: 5.031982183456421 seconds
Average featurization time: 0.77
(200, 1024)
(160, 1024)
(40, 1024)
0
